2023-02-02 04:31:04 LogWrapper init()./logs/Bot.log
2023-02-02 04:31:05 Bot started with
{'AUD_USD': {'pair': 'AUD_USD', 'units': 1000, 'short_ma': 2, 'long_ma': 8},
 'EUR_CHF': {'pair': 'EUR_CHF', 'units': 1000, 'short_ma': 2, 'long_ma': 8},
 'EUR_GBP': {'pair': 'EUR_GBP', 'units': 1000, 'short_ma': 2, 'long_ma': 8},
 'EUR_USD': {'pair': 'EUR_USD', 'units': 1000, 'short_ma': 2, 'long_ma': 8},
 'GBP_JPY': {'pair': 'GBP_JPY', 'units': 1000, 'short_ma': 2, 'long_ma': 8},
 'GBP_USD': {'pair': 'GBP_USD', 'units': 1000, 'short_ma': 2, 'long_ma': 8}}
2023-02-02 04:31:05 Bot Timings
{'AUD_USD': {'last_candle': Timestamp('2023-02-02 12:30:00+0000', tz='tzutc()'), 'ready': False},
 'EUR_CHF': {'last_candle': Timestamp('2023-02-02 12:30:00+0000', tz='tzutc()'), 'ready': False},
 'EUR_GBP': {'last_candle': Timestamp('2023-02-02 12:30:00+0000', tz='tzutc()'), 'ready': False},
 'EUR_USD': {'last_candle': Timestamp('2023-02-02 12:30:00+0000', tz='tzutc()'), 'ready': False},
 'GBP_JPY': {'last_candle': Timestamp('2023-02-02 12:30:00+0000', tz='tzutc()'), 'ready': False},
 'GBP_USD': {'last_candle': Timestamp('2023-02-02 12:30:00+0000', tz='tzutc()'), 'ready': False}}
2023-02-02 04:32:11 EUR_USD new candle 2023-02-02 12:31:00+00:00
2023-02-02 04:32:11 GBP_JPY new candle 2023-02-02 12:31:00+00:00
2023-02-02 04:32:11 AUD_USD new candle 2023-02-02 12:31:00+00:00
2023-02-02 04:32:11 GBP_USD new candle 2023-02-02 12:31:00+00:00
2023-02-02 04:32:11 EUR_CHF new candle 2023-02-02 12:31:00+00:00
2023-02-02 04:32:12 EUR_GBP new candle 2023-02-02 12:31:00+00:00
2023-02-02 04:32:12 Ready to trade EUR_USD
2023-02-02 04:32:12 Ready to trade GBP_JPY
2023-02-02 04:32:12 Ready to trade AUD_USD
2023-02-02 04:32:12 Ready to trade GBP_USD
2023-02-02 04:32:12 Ready to trade EUR_CHF
2023-02-02 04:32:12 Ready to trade EUR_GBP
2023-02-02 04:33:06 EUR_USD new candle 2023-02-02 12:32:00+00:00
2023-02-02 04:33:06 GBP_JPY new candle 2023-02-02 12:32:00+00:00
2023-02-02 04:33:06 AUD_USD new candle 2023-02-02 12:32:00+00:00
2023-02-02 04:33:07 GBP_USD new candle 2023-02-02 12:32:00+00:00
2023-02-02 04:33:07 EUR_CHF new candle 2023-02-02 12:32:00+00:00
2023-02-02 04:33:07 EUR_GBP new candle 2023-02-02 12:32:00+00:00
2023-02-02 04:33:07 Ready to trade EUR_USD
2023-02-02 04:33:07 Ready to trade GBP_JPY
2023-02-02 04:33:07 Ready to trade AUD_USD
2023-02-02 04:33:07 Ready to trade GBP_USD
2023-02-02 04:33:07 Ready to trade EUR_CHF
2023-02-02 04:33:08 Ready to trade EUR_GBP
2023-02-02 04:34:01 EUR_USD new candle 2023-02-02 12:33:00+00:00
2023-02-02 04:34:02 GBP_JPY new candle 2023-02-02 12:33:00+00:00
2023-02-02 04:34:02 AUD_USD new candle 2023-02-02 12:33:00+00:00
2023-02-02 04:34:02 GBP_USD new candle 2023-02-02 12:33:00+00:00
2023-02-02 04:34:02 EUR_CHF new candle 2023-02-02 12:33:00+00:00
2023-02-02 04:34:02 EUR_GBP new candle 2023-02-02 12:33:00+00:00
2023-02-02 04:34:02 Ready to trade EUR_USD
2023-02-02 04:34:02 Ready to trade GBP_JPY
2023-02-02 04:34:02 Ready to trade AUD_USD
2023-02-02 04:34:02 Ready to trade GBP_USD
2023-02-02 04:34:03 Ready to trade EUR_CHF
2023-02-02 04:34:03 Ready to trade EUR_GBP
2023-02-02 04:35:07 EUR_USD new candle 2023-02-02 12:34:00+00:00
2023-02-02 04:35:07 GBP_JPY new candle 2023-02-02 12:34:00+00:00
2023-02-02 04:35:08 AUD_USD new candle 2023-02-02 12:34:00+00:00
2023-02-02 04:35:08 GBP_USD new candle 2023-02-02 12:34:00+00:00
2023-02-02 04:35:08 EUR_CHF new candle 2023-02-02 12:34:00+00:00
2023-02-02 04:35:08 EUR_GBP new candle 2023-02-02 12:34:00+00:00
2023-02-02 04:35:08 Ready to trade EUR_USD
2023-02-02 04:35:08 Ready to trade GBP_JPY
2023-02-02 04:35:08 Ready to trade AUD_USD
2023-02-02 04:35:08 Ready to trade GBP_USD
2023-02-02 04:35:08 Ready to trade EUR_CHF
2023-02-02 04:35:09 Ready to trade EUR_GBP
2023-02-02 04:36:02 EUR_USD new candle 2023-02-02 12:35:00+00:00
2023-02-02 04:36:02 GBP_JPY new candle 2023-02-02 12:35:00+00:00
2023-02-02 04:36:03 GBP_USD new candle 2023-02-02 12:35:00+00:00
2023-02-02 04:36:03 EUR_CHF new candle 2023-02-02 12:35:00+00:00
2023-02-02 04:36:03 Ready to trade EUR_USD
2023-02-02 04:36:03 Ready to trade GBP_JPY
2023-02-02 04:36:03 Ready to trade GBP_USD
2023-02-02 04:36:03 Ready to trade EUR_CHF
2023-02-02 04:36:14 AUD_USD new candle 2023-02-02 12:35:00+00:00
2023-02-02 04:36:14 EUR_GBP new candle 2023-02-02 12:35:00+00:00
2023-02-02 04:36:14 Ready to trade AUD_USD
2023-02-02 04:36:15 Ready to trade EUR_GBP
2023-02-02 04:37:09 EUR_USD new candle 2023-02-02 12:36:00+00:00
2023-02-02 04:37:09 GBP_JPY new candle 2023-02-02 12:36:00+00:00
2023-02-02 04:37:09 AUD_USD new candle 2023-02-02 12:36:00+00:00
2023-02-02 04:37:09 GBP_USD new candle 2023-02-02 12:36:00+00:00
2023-02-02 04:37:09 EUR_CHF new candle 2023-02-02 12:36:00+00:00
2023-02-02 04:37:09 EUR_GBP new candle 2023-02-02 12:36:00+00:00
2023-02-02 04:37:09 Ready to trade EUR_USD
2023-02-02 04:37:09 Ready to trade GBP_JPY
2023-02-02 04:37:09 Ready to trade AUD_USD
2023-02-02 04:37:10 Ready to trade GBP_USD
2023-02-02 04:37:10 Ready to trade EUR_CHF
2023-02-02 04:37:10 Ready to trade EUR_GBP
2023-02-02 04:38:04 EUR_USD new candle 2023-02-02 12:37:00+00:00
2023-02-02 04:38:04 GBP_JPY new candle 2023-02-02 12:37:00+00:00
2023-02-02 04:38:04 AUD_USD new candle 2023-02-02 12:37:00+00:00
2023-02-02 04:38:05 GBP_USD new candle 2023-02-02 12:37:00+00:00
2023-02-02 04:38:05 EUR_CHF new candle 2023-02-02 12:37:00+00:00
2023-02-02 04:38:05 EUR_GBP new candle 2023-02-02 12:37:00+00:00
2023-02-02 04:38:05 Ready to trade EUR_USD
2023-02-02 04:38:05 Ready to trade GBP_JPY
2023-02-02 04:38:05 Ready to trade AUD_USD
2023-02-02 04:38:05 Ready to trade GBP_USD
2023-02-02 04:38:05 Ready to trade EUR_CHF
2023-02-02 04:38:05 Ready to trade EUR_GBP
2023-02-02 04:39:10 EUR_USD new candle 2023-02-02 12:38:00+00:00
2023-02-02 04:39:10 GBP_JPY new candle 2023-02-02 12:38:00+00:00
2023-02-02 04:39:10 AUD_USD new candle 2023-02-02 12:38:00+00:00
2023-02-02 04:39:10 GBP_USD new candle 2023-02-02 12:38:00+00:00
2023-02-02 04:39:10 EUR_CHF new candle 2023-02-02 12:38:00+00:00
2023-02-02 04:39:10 EUR_GBP new candle 2023-02-02 12:38:00+00:00
2023-02-02 04:39:10 Ready to trade EUR_USD
2023-02-02 04:39:11 Ready to trade GBP_JPY
2023-02-02 04:39:11 Ready to trade AUD_USD
2023-02-02 04:39:11 Ready to trade GBP_USD
2023-02-02 04:39:11 Ready to trade EUR_CHF
2023-02-02 04:39:11 Ready to trade EUR_GBP
2023-02-02 04:40:05 EUR_USD new candle 2023-02-02 12:39:00+00:00
2023-02-02 04:40:05 GBP_JPY new candle 2023-02-02 12:39:00+00:00
2023-02-02 04:40:05 AUD_USD new candle 2023-02-02 12:39:00+00:00
2023-02-02 04:40:05 GBP_USD new candle 2023-02-02 12:39:00+00:00
2023-02-02 04:40:06 EUR_CHF new candle 2023-02-02 12:39:00+00:00
2023-02-02 04:40:06 EUR_GBP new candle 2023-02-02 12:39:00+00:00
2023-02-02 04:40:06 Ready to trade EUR_USD
2023-02-02 04:40:06 Ready to trade GBP_JPY
2023-02-02 04:40:06 Ready to trade AUD_USD
2023-02-02 04:40:06 Ready to trade GBP_USD
2023-02-02 04:40:06 Ready to trade EUR_CHF
2023-02-02 04:40:06 Ready to trade EUR_GBP
2023-02-02 04:41:01 EUR_GBP new candle 2023-02-02 12:40:00+00:00
2023-02-02 04:41:01 Ready to trade EUR_GBP
2023-02-02 04:41:11 EUR_USD new candle 2023-02-02 12:40:00+00:00
2023-02-02 04:41:12 GBP_JPY new candle 2023-02-02 12:40:00+00:00
2023-02-02 04:41:12 AUD_USD new candle 2023-02-02 12:40:00+00:00
2023-02-02 04:41:12 GBP_USD new candle 2023-02-02 12:40:00+00:00
2023-02-02 04:41:12 EUR_CHF new candle 2023-02-02 12:40:00+00:00
2023-02-02 04:41:12 Ready to trade EUR_USD
2023-02-02 04:41:12 Ready to trade GBP_JPY
2023-02-02 04:41:12 Ready to trade AUD_USD
2023-02-02 04:41:13 Ready to trade GBP_USD
2023-02-02 04:41:13 Ready to trade EUR_CHF
2023-02-02 04:42:06 EUR_USD new candle 2023-02-02 12:41:00+00:00
2023-02-02 04:42:07 GBP_JPY new candle 2023-02-02 12:41:00+00:00
2023-02-02 04:42:07 AUD_USD new candle 2023-02-02 12:41:00+00:00
2023-02-02 04:42:07 GBP_USD new candle 2023-02-02 12:41:00+00:00
2023-02-02 04:42:07 EUR_CHF new candle 2023-02-02 12:41:00+00:00
2023-02-02 04:42:07 EUR_GBP new candle 2023-02-02 12:41:00+00:00
2023-02-02 04:42:07 Ready to trade EUR_USD
2023-02-02 04:42:07 Ready to trade GBP_JPY
2023-02-02 04:42:07 Ready to trade AUD_USD
2023-02-02 04:42:07 Ready to trade GBP_USD
2023-02-02 04:42:08 Ready to trade EUR_CHF
2023-02-02 04:42:08 Ready to trade EUR_GBP
2023-02-02 04:43:02 EUR_USD new candle 2023-02-02 12:42:00+00:00
2023-02-02 04:43:02 GBP_JPY new candle 2023-02-02 12:42:00+00:00
2023-02-02 04:43:02 AUD_USD new candle 2023-02-02 12:42:00+00:00
2023-02-02 04:43:02 GBP_USD new candle 2023-02-02 12:42:00+00:00
2023-02-02 04:43:02 EUR_CHF new candle 2023-02-02 12:42:00+00:00
2023-02-02 04:43:02 EUR_GBP new candle 2023-02-02 12:42:00+00:00
2023-02-02 04:43:02 Ready to trade EUR_USD
2023-02-02 04:43:02 Ready to trade GBP_JPY
2023-02-02 04:43:03 Ready to trade AUD_USD
2023-02-02 04:43:03 Ready to trade GBP_USD
2023-02-02 04:43:03 Ready to trade EUR_CHF
2023-02-02 04:43:03 Ready to trade EUR_GBP
2023-02-02 04:44:08 EUR_USD new candle 2023-02-02 12:43:00+00:00
2023-02-02 04:44:08 GBP_JPY new candle 2023-02-02 12:43:00+00:00
2023-02-02 04:44:08 AUD_USD new candle 2023-02-02 12:43:00+00:00
2023-02-02 04:44:09 GBP_USD new candle 2023-02-02 12:43:00+00:00
2023-02-02 04:44:09 EUR_CHF new candle 2023-02-02 12:43:00+00:00
2023-02-02 04:44:09 EUR_GBP new candle 2023-02-02 12:43:00+00:00
2023-02-02 04:44:09 Ready to trade EUR_USD
2023-02-02 04:44:09 Ready to trade GBP_JPY
2023-02-02 04:44:09 Ready to trade AUD_USD
2023-02-02 04:44:09 Ready to trade GBP_USD
2023-02-02 04:44:09 Ready to trade EUR_CHF
2023-02-02 04:44:09 Ready to trade EUR_GBP
2023-02-02 04:45:04 EUR_USD new candle 2023-02-02 12:44:00+00:00
2023-02-02 04:45:04 GBP_JPY new candle 2023-02-02 12:44:00+00:00
2023-02-02 04:45:04 AUD_USD new candle 2023-02-02 12:44:00+00:00
2023-02-02 04:45:04 GBP_USD new candle 2023-02-02 12:44:00+00:00
2023-02-02 04:45:04 EUR_CHF new candle 2023-02-02 12:44:00+00:00
2023-02-02 04:45:04 EUR_GBP new candle 2023-02-02 12:44:00+00:00
2023-02-02 04:45:04 Ready to trade EUR_USD
2023-02-02 04:45:04 Ready to trade GBP_JPY
2023-02-02 04:45:05 Ready to trade AUD_USD
2023-02-02 04:45:05 Ready to trade GBP_USD
2023-02-02 04:45:05 Ready to trade EUR_CHF
2023-02-02 04:45:05 Ready to trade EUR_GBP
2023-02-02 04:46:10 EUR_USD new candle 2023-02-02 12:45:00+00:00
2023-02-02 04:46:10 GBP_JPY new candle 2023-02-02 12:45:00+00:00
2023-02-02 04:46:10 AUD_USD new candle 2023-02-02 12:45:00+00:00
2023-02-02 04:46:10 GBP_USD new candle 2023-02-02 12:45:00+00:00
2023-02-02 04:46:10 EUR_CHF new candle 2023-02-02 12:45:00+00:00
2023-02-02 04:46:11 EUR_GBP new candle 2023-02-02 12:45:00+00:00
2023-02-02 04:46:11 Ready to trade EUR_USD
2023-02-02 04:46:11 Ready to trade GBP_JPY
2023-02-02 04:46:11 Ready to trade AUD_USD
2023-02-02 04:46:11 Ready to trade GBP_USD
2023-02-02 04:46:11 Ready to trade EUR_CHF
2023-02-02 04:46:11 Ready to trade EUR_GBP
